<?xml version="1.0" encoding="UTF-8"?>
<!-- Generated by org.testng.reporters.JUnitReportReporter -->
<testsuite hostname="casder" failures="0" tests="1" name="functional_test.LoginCavlinKleinTest" time="12.201" errors="0" timestamp="2022-11-20T16:18:25 MSK" skipped="0">
  <testcase classname="functional_test.LoginCavlinKleinTest" name="testHomePage" time="12.201"/>
  <system-out/>
</testsuite> <!-- functional_test.LoginCavlinKleinTest -->
